TN:
SF:app.js
FNF:0
FNH:0
DA:1,1
DA:2,1
DA:4,1
DA:5,1
DA:6,1
DA:7,1
DA:9,1
DA:10,1
DA:11,1
DA:13,1
DA:15,1
LF:11
LH:11
BRDA:1,0,0,1
BRDA:1,0,1,0
BRF:2
BRH:1
end_of_record
TN:
SF:controllers/UserController.js
FN:9,(anonymous_0)
FN:42,(anonymous_1)
FN:72,(anonymous_2)
FN:99,(anonymous_3)
FN:117,(anonymous_4)
FN:141,(anonymous_5)
FNF:6
FNH:2
FNDA:3,(anonymous_0)
FNDA:5,(anonymous_1)
FNDA:0,(anonymous_2)
FNDA:0,(anonymous_3)
FNDA:0,(anonymous_4)
FNDA:0,(anonymous_5)
DA:1,1
DA:2,1
DA:3,1
DA:5,1
DA:6,1
DA:10,3
DA:11,3
DA:13,3
DA:14,0
DA:17,3
DA:18,1
DA:21,2
DA:22,0
DA:25,2
DA:31,1
DA:37,2
DA:38,2
DA:43,5
DA:44,5
DA:46,5
DA:47,1
DA:50,4
DA:51,1
DA:54,3
DA:60,3
DA:61,2
DA:64,1
DA:68,4
DA:73,0
DA:74,0
DA:80,0
DA:81,0
DA:92,0
DA:93,0
DA:95,0
DA:100,0
DA:101,0
DA:103,0
DA:104,0
DA:105,0
DA:108,0
DA:113,0
DA:118,0
DA:119,0
DA:120,0
DA:122,0
DA:123,0
DA:126,0
DA:128,0
DA:135,0
DA:137,0
DA:142,0
DA:143,0
DA:144,0
DA:146,0
DA:147,0
DA:150,0
DA:152,0
DA:154,0
DA:159,1
LF:60
LH:27
BRDA:13,0,0,0
BRDA:13,0,1,3
BRDA:17,1,0,1
BRDA:17,1,1,2
BRDA:21,2,0,0
BRDA:21,2,1,2
BRDA:46,3,0,1
BRDA:46,3,1,4
BRDA:50,4,0,1
BRDA:50,4,1,3
BRDA:60,5,0,2
BRDA:60,5,1,1
BRDA:60,6,0,3
BRDA:60,6,1,2
BRDA:93,7,0,0
BRDA:93,7,1,0
BRDA:104,8,0,0
BRDA:104,8,1,0
BRDA:122,9,0,0
BRDA:122,9,1,0
BRDA:146,10,0,0
BRDA:146,10,1,0
BRF:22
BRH:12
end_of_record
TN:
SF:helpers/bcryptjs.js
FN:4,(anonymous_0)
FN:7,(anonymous_1)
FNF:2
FNH:2
FNDA:3,(anonymous_0)
FNDA:2,(anonymous_1)
DA:1,1
DA:3,1
DA:5,3
DA:8,2
LF:4
LH:4
BRF:0
BRH:0
end_of_record
TN:
SF:helpers/jwt.js
FN:5,(anonymous_0)
FN:6,(anonymous_1)
FNF:2
FNH:1
FNDA:3,(anonymous_0)
FNDA:0,(anonymous_1)
DA:1,1
DA:2,1
DA:4,1
DA:5,3
DA:6,0
LF:5
LH:4
BRF:0
BRH:0
end_of_record
TN:
SF:middlewares/authentication.js
FN:4,(anonymous_0)
FNF:1
FNH:0
FNDA:0,(anonymous_0)
DA:1,1
DA:2,1
DA:4,1
DA:5,0
DA:6,0
DA:8,0
DA:9,0
DA:12,0
DA:14,0
DA:15,0
DA:18,0
DA:20,0
DA:22,0
DA:23,0
DA:26,0
DA:27,0
DA:29,0
DA:33,1
LF:18
LH:4
BRDA:8,0,0,0
BRDA:8,0,1,0
BRDA:14,1,0,0
BRDA:14,1,1,0
BRDA:22,2,0,0
BRDA:22,2,1,0
BRF:6
BRH:0
end_of_record
TN:
SF:middlewares/errorHandler.js
FN:1,errorHandler
FNF:1
FNH:1
FNDA:6,errorHandler
DA:1,1
DA:2,6
DA:3,6
DA:5,6
DA:8,0
DA:9,0
DA:10,0
DA:12,1
DA:13,1
DA:14,1
DA:16,2
DA:17,2
DA:18,2
DA:20,0
DA:21,0
DA:22,0
DA:24,2
DA:25,2
DA:26,2
DA:28,1
DA:29,1
DA:30,1
DA:32,0
DA:33,0
DA:34,0
DA:36,0
DA:37,0
DA:38,0
DA:40,6
LF:29
LH:17
BRDA:2,0,0,6
BRDA:2,0,1,6
BRDA:3,1,0,6
BRDA:3,1,1,5
BRDA:5,2,0,0
BRDA:5,2,1,0
BRDA:5,2,2,1
BRDA:5,2,3,2
BRDA:5,2,4,0
BRDA:5,2,5,2
BRDA:5,2,6,1
BRDA:5,2,7,0
BRDA:5,2,8,0
BRF:13
BRH:8
end_of_record
TN:
SF:models/index.js
FN:21,(anonymous_0)
FN:29,(anonymous_1)
FN:34,(anonymous_2)
FNF:3
FNH:3
FNDA:2,(anonymous_0)
FNDA:1,(anonymous_1)
FNDA:1,(anonymous_2)
DA:3,1
DA:4,1
DA:5,1
DA:6,1
DA:7,1
DA:8,1
DA:9,1
DA:10,1
DA:13,1
DA:14,0
DA:16,1
DA:19,1
DA:22,2
DA:30,1
DA:31,1
DA:34,1
DA:35,1
DA:36,1
DA:40,1
DA:41,1
DA:43,1
LF:21
LH:20
BRDA:8,0,0,1
BRDA:8,0,1,0
BRDA:13,1,0,0
BRDA:13,1,1,1
BRDA:23,2,0,2
BRDA:23,2,1,2
BRDA:23,2,2,1
BRDA:23,2,3,1
BRDA:35,3,0,1
BRDA:35,3,1,0
BRF:10
BRH:7
end_of_record
TN:
SF:models/user.js
FN:6,(anonymous_0)
FN:13,(anonymous_1)
FN:70,(anonymous_2)
FNF:3
FNH:3
FNDA:1,(anonymous_0)
FNDA:1,(anonymous_1)
FNDA:1,(anonymous_2)
DA:4,1
DA:5,1
DA:6,1
DA:17,1
DA:71,1
DA:76,1
LF:6
LH:6
BRF:0
BRH:0
end_of_record
TN:
SF:routers/index.js
FN:11,(anonymous_0)
FN:44,createThread
FN:50,addMessage
FN:62,runAssistant
FN:76,checkingStatus
FN:92,(anonymous_5)
FN:101,(anonymous_6)
FN:102,(anonymous_7)
FN:108,(anonymous_8)
FN:113,(anonymous_9)
FN:117,(anonymous_10)
FN:121,(anonymous_11)
FNF:12
FNH:0
FNDA:0,(anonymous_0)
FNDA:0,createThread
FNDA:0,addMessage
FNDA:0,runAssistant
FNDA:0,checkingStatus
FNDA:0,(anonymous_5)
FNDA:0,(anonymous_6)
FNDA:0,(anonymous_7)
FNDA:0,(anonymous_8)
FNDA:0,(anonymous_9)
FNDA:0,(anonymous_10)
FNDA:0,(anonymous_11)
DA:1,1
DA:2,1
DA:3,1
DA:5,1
DA:7,1
DA:8,1
DA:11,1
DA:12,0
DA:15,1
DA:16,1
DA:17,1
DA:20,1
DA:22,1
DA:26,1
DA:28,1
DA:34,1
DA:35,1
DA:37,1
DA:41,1
DA:45,0
DA:46,0
DA:47,0
DA:51,0
DA:52,0
DA:59,0
DA:63,0
DA:64,0
DA:71,0
DA:73,0
DA:77,0
DA:82,0
DA:83,0
DA:84,0
DA:86,0
DA:87,0
DA:89,0
DA:90,0
DA:92,0
DA:93,0
DA:96,0
DA:101,1
DA:102,0
DA:103,0
DA:108,1
DA:109,0
DA:111,0
DA:113,0
DA:117,0
DA:118,0
DA:121,0
DA:122,0
DA:127,0
DA:128,0
DA:132,1
DA:134,1
LF:55
LH:22
BRDA:86,0,0,0
BRDA:86,0,1,0
BRF:2
BRH:0
end_of_record
